android/app/build/intermediates/manifest_merge_blame_file/release/manifest-merger-blame-release-report.txt
1<?xml version="1.0" encoding="utf-8"?>
2<manifest xmlns:android="http://schemas.android.com/apk/res/android"
3    package="com.ownapp"
4    android:versionCode="1"
5    android:versionName="1.0" >
6
7    <uses-sdk
8        android:minSdkVersion="21"
8-->src/main/AndroidManifest.xml
9        android:targetSdkVersion="29" />
9-->src/main/AndroidManifest.xml
10
11    <uses-permission android:name="android.permission.INTERNET" />
11-->src/main/AndroidManifest.xml:4:5-67
11-->src/main/AndroidManifest.xml:4:22-64
12
13    <queries>
13-->[net.openid:appauth:0.8.1] AndroidManifest.xml:26:5-34:15
14        <intent>
14-->[net.openid:appauth:0.8.1] AndroidManifest.xml:27:9-33:18
15            <action android:name="android.intent.action.VIEW" />
15-->[net.openid:appauth:0.8.1] AndroidManifest.xml:28:13-65
15-->[net.openid:appauth:0.8.1] AndroidManifest.xml:28:21-62
16
17            <category android:name="android.intent.category.BROWSABLE" />
17-->[net.openid:appauth:0.8.1] AndroidManifest.xml:30:13-74
17-->[net.openid:appauth:0.8.1] AndroidManifest.xml:30:23-71
18
19            <data android:scheme="https" />
19-->[net.openid:appauth:0.8.1] AndroidManifest.xml:32:13-44
19-->[net.openid:appauth:0.8.1] AndroidManifest.xml:32:19-41
20        </intent>
21    </queries>
22
23    <application
23-->src/main/AndroidManifest.xml:6:5-24:19
24        android:name="com.ownapp.MainApplication"
24-->src/main/AndroidManifest.xml:7:7-38
25        android:allowBackup="false"
25-->src/main/AndroidManifest.xml:11:7-34
26        android:appComponentFactory="androidx.core.app.CoreComponentFactory"
26-->[androidx.core:core:1.1.0] AndroidManifest.xml:24:18-86
27        android:icon="@mipmap/ic_launcher"
27-->src/main/AndroidManifest.xml:9:7-41
28        android:label="@string/app_name"
28-->src/main/AndroidManifest.xml:8:7-39
29        android:roundIcon="@mipmap/ic_launcher_round"
29-->src/main/AndroidManifest.xml:10:7-52
30        android:theme="@style/AppTheme" >
30-->src/main/AndroidManifest.xml:12:7-38
31        <activity
31-->src/main/AndroidManifest.xml:13:7-23:18
32            android:name="com.ownapp.MainActivity"
32-->src/main/AndroidManifest.xml:14:9-37
33            android:configChanges="keyboard|keyboardHidden|orientation|screenSize|uiMode"
33-->src/main/AndroidManifest.xml:16:9-86
34            android:label="@string/app_name"
34-->src/main/AndroidManifest.xml:15:9-41
35            android:launchMode="singleTask"
35-->src/main/AndroidManifest.xml:17:9-40
36            android:windowSoftInputMode="adjustResize" >
36-->src/main/AndroidManifest.xml:18:9-51
37            <intent-filter>
37-->src/main/AndroidManifest.xml:19:9-22:25
38                <action android:name="android.intent.action.MAIN" />
38-->src/main/AndroidManifest.xml:20:13-65
38-->src/main/AndroidManifest.xml:20:21-62
39
40                <category android:name="android.intent.category.LAUNCHER" />
40-->src/main/AndroidManifest.xml:21:13-73
40-->src/main/AndroidManifest.xml:21:23-70
41            </intent-filter>
42        </activity>
43        <activity android:name="com.facebook.react.devsupport.DevSettingsActivity" />
43-->[:react-native-code-push] AndroidManifest.xml:14:9-86
43-->[:react-native-code-push] AndroidManifest.xml:14:19-83
44        <activity
44-->[net.openid:appauth:0.8.1] AndroidManifest.xml:37:9-41:75
45            android:name="net.openid.appauth.AuthorizationManagementActivity"
45-->[net.openid:appauth:0.8.1] AndroidManifest.xml:38:13-78
46            android:exported="false"
46-->[net.openid:appauth:0.8.1] AndroidManifest.xml:39:13-37
47            android:launchMode="singleTask"
47-->[net.openid:appauth:0.8.1] AndroidManifest.xml:40:13-44
48            android:theme="@android:style/Theme.Translucent.NoTitleBar" />
48-->[net.openid:appauth:0.8.1] AndroidManifest.xml:41:13-72
49        <activity
49-->[net.openid:appauth:0.8.1] AndroidManifest.xml:42:9-53:20
50            android:name="net.openid.appauth.RedirectUriReceiverActivity"
50-->[net.openid:appauth:0.8.1] AndroidManifest.xml:43:13-74
51            android:exported="true" >
51-->[net.openid:appauth:0.8.1] AndroidManifest.xml:44:13-36
52            <intent-filter>
52-->[net.openid:appauth:0.8.1] AndroidManifest.xml:45:13-52:29
53                <action android:name="android.intent.action.VIEW" />
53-->[net.openid:appauth:0.8.1] AndroidManifest.xml:28:13-65
53-->[net.openid:appauth:0.8.1] AndroidManifest.xml:28:21-62
54
55                <category android:name="android.intent.category.DEFAULT" />
55-->[net.openid:appauth:0.8.1] AndroidManifest.xml:48:17-76
55-->[net.openid:appauth:0.8.1] AndroidManifest.xml:48:27-73
56                <category android:name="android.intent.category.BROWSABLE" />
56-->[net.openid:appauth:0.8.1] AndroidManifest.xml:30:13-74
56-->[net.openid:appauth:0.8.1] AndroidManifest.xml:30:23-71
57
58                <data android:scheme="com.ownapp" />
58-->[net.openid:appauth:0.8.1] AndroidManifest.xml:32:13-44
58-->[net.openid:appauth:0.8.1] AndroidManifest.xml:32:19-41
59            </intent-filter>
60        </activity>
61    </application>
62
63</manifest>